2025-06-19 11:42:30,711 WARNING database DDL Query made to DB:
ALTER TABLE `tabLeave Balances` MODIFY `earned_leave_balance` decimal(21,9) NOT NULL DEFAULT 0.0, MODIFY `casual_leave_balance` decimal(21,9) NOT NULL DEFAULT 0.0
2025-06-19 11:43:45,201 WARNING database DDL Query made to DB:
RENAME TABLE `tabemployee` TO `tabemployee_rd`
2025-06-19 11:45:46,341 WARNING database DDL Query made to DB:
alter table `tabDocType` add column if not exists migration_hash varchar(140)
2025-06-19 11:45:46,695 WARNING database DDL Query made to DB:
ALTER TABLE `tabEmployee Records` MODIFY `leave_balance` decimal(21,9) NOT NULL DEFAULT 0.0
2025-06-19 11:45:46,852 WARNING database DDL Query made to DB:
ALTER TABLE `tabLeave Balances` MODIFY `earned_leave_balance` decimal(21,9) NOT NULL DEFAULT 0.0, MODIFY `casual_leave_balance` decimal(21,9) NOT NULL DEFAULT 0.0
2025-06-19 11:47:51,967 WARNING database DDL Query made to DB:
alter table `tabDocType` add column if not exists migration_hash varchar(140)
2025-06-19 11:47:52,382 WARNING database DDL Query made to DB:
ALTER TABLE `tabEmployee Records` MODIFY `leave_balance` decimal(21,9) NOT NULL DEFAULT 0.0
2025-06-19 11:47:52,462 WARNING database DDL Query made to DB:
ALTER TABLE `tabemployee_rd` ADD COLUMN `employee_id` varchar(140) UNIQUE, ADD COLUMN `employee_name` varchar(140), ADD COLUMN `joining_date` date, ADD COLUMN `leave_balance` decimal(21,9) NOT NULL DEFAULT 0.0
2025-06-19 11:47:52,462 WARNING database DDL Query made to DB:
ALTER TABLE `tabemployee_rd` ADD UNIQUE INDEX IF NOT EXISTS employee_id (`employee_id`)
2025-06-19 11:47:52,494 WARNING database DDL Query made to DB:
ALTER TABLE `tabLeave Balances` MODIFY `earned_leave_balance` decimal(21,9) NOT NULL DEFAULT 0.0, MODIFY `casual_leave_balance` decimal(21,9) NOT NULL DEFAULT 0.0
2025-06-19 11:51:14,946 WARNING database DDL Query made to DB:
alter table `tabDocType` add column if not exists migration_hash varchar(140)
2025-06-19 11:51:15,317 WARNING database DDL Query made to DB:
ALTER TABLE `tabLeave Balances` MODIFY `casual_leave_balance` decimal(21,9) NOT NULL DEFAULT 0.0, MODIFY `earned_leave_balance` decimal(21,9) NOT NULL DEFAULT 0.0
2025-06-19 11:52:39,698 WARNING database DDL Query made to DB:
alter table `tabDocType` add column if not exists migration_hash varchar(140)
2025-06-19 11:52:40,061 WARNING database DDL Query made to DB:
ALTER TABLE `tabemployee_rd` MODIFY `leave_balance` decimal(21,9) NOT NULL DEFAULT 0.0
2025-06-19 11:52:40,114 WARNING database DDL Query made to DB:
ALTER TABLE `tabLeave Balances` MODIFY `earned_leave_balance` decimal(21,9) NOT NULL DEFAULT 0.0, MODIFY `casual_leave_balance` decimal(21,9) NOT NULL DEFAULT 0.0
2025-06-19 11:55:49,401 WARNING database DDL Query made to DB:
alter table `tabDocType` add column if not exists migration_hash varchar(140)
2025-06-19 11:55:49,776 WARNING database DDL Query made to DB:
ALTER TABLE `tabemployee_rd` MODIFY `leave_balance` decimal(21,9) NOT NULL DEFAULT 0.0
2025-06-19 11:55:49,827 WARNING database DDL Query made to DB:
ALTER TABLE `tabLeave Balances` MODIFY `earned_leave_balance` decimal(21,9) NOT NULL DEFAULT 0.0, MODIFY `casual_leave_balance` decimal(21,9) NOT NULL DEFAULT 0.0
2025-06-19 11:57:16,847 WARNING database DDL Query made to DB:
alter table `tabDocType` add column if not exists migration_hash varchar(140)
2025-06-19 11:57:17,197 WARNING database DDL Query made to DB:
ALTER TABLE `tabLeave Balances` MODIFY `earned_leave_balance` decimal(21,9) NOT NULL DEFAULT 0.0, MODIFY `casual_leave_balance` decimal(21,9) NOT NULL DEFAULT 0.0
2025-06-19 11:58:01,625 WARNING database DDL Query made to DB:
alter table `tabDocType` add column if not exists migration_hash varchar(140)
2025-06-19 11:58:01,970 WARNING database DDL Query made to DB:
ALTER TABLE `tabemployee_rd` MODIFY `leave_balance` decimal(21,9) NOT NULL DEFAULT 0.0
2025-06-19 11:58:02,024 WARNING database DDL Query made to DB:
ALTER TABLE `tabLeave Balances` MODIFY `casual_leave_balance` decimal(21,9) NOT NULL DEFAULT 0.0, MODIFY `earned_leave_balance` decimal(21,9) NOT NULL DEFAULT 0.0
2025-06-19 11:59:37,924 WARNING database DDL Query made to DB:
alter table `tabDocType` add column if not exists migration_hash varchar(140)
2025-06-19 11:59:38,289 WARNING database DDL Query made to DB:
ALTER TABLE `tabemployee_rd` MODIFY `leave_balance` decimal(21,9) NOT NULL DEFAULT 0.0
2025-06-19 11:59:38,342 WARNING database DDL Query made to DB:
ALTER TABLE `tabLeave Balances` MODIFY `casual_leave_balance` decimal(21,9) NOT NULL DEFAULT 0.0, MODIFY `earned_leave_balance` decimal(21,9) NOT NULL DEFAULT 0.0
2025-06-19 12:10:13,836 WARNING database DDL Query made to DB:
create table `tableave application` (
			name varchar(140) primary key,
			creation datetime(6),
			modified datetime(6),
			modified_by varchar(140),
			owner varchar(140),
			docstatus tinyint not null default '0',
			idx int not null default '0',
			`_user_tags` text,
`_comments` text,
`_assign` text,
`_liked_by` text,
index creation(creation))
			ENGINE=InnoDB
			ROW_FORMAT=DYNAMIC
			CHARACTER SET=utf8mb4
			COLLATE=utf8mb4_unicode_ci
2025-06-19 12:14:24,029 WARNING database DDL Query made to DB:
alter table `tabDocType` add column if not exists migration_hash varchar(140)
2025-06-19 12:14:24,416 WARNING database DDL Query made to DB:
ALTER TABLE `tableave application` ADD COLUMN `employee` varchar(140), ADD COLUMN `from_date` date, ADD COLUMN `to__date` date, ADD COLUMN `leave_type` varchar(140), ADD COLUMN `status` varchar(140), ADD COLUMN `company` varchar(140), ADD COLUMN `reason` text
2025-06-19 12:14:24,471 WARNING database DDL Query made to DB:
ALTER TABLE `tabLeave Balances` MODIFY `earned_leave_balance` decimal(21,9) NOT NULL DEFAULT 0.0, MODIFY `casual_leave_balance` decimal(21,9) NOT NULL DEFAULT 0.0
2025-06-19 12:16:16,945 WARNING database DDL Query made to DB:
alter table `tabDocType` add column if not exists migration_hash varchar(140)
2025-06-19 12:16:17,312 WARNING database DDL Query made to DB:
ALTER TABLE `tabLeave Balances` MODIFY `casual_leave_balance` decimal(21,9) NOT NULL DEFAULT 0.0, MODIFY `earned_leave_balance` decimal(21,9) NOT NULL DEFAULT 0.0
2025-06-19 12:16:59,686 WARNING database DDL Query made to DB:
create table `tableave balance` (
			name varchar(140) primary key,
			creation datetime(6),
			modified datetime(6),
			modified_by varchar(140),
			owner varchar(140),
			docstatus tinyint not null default '0',
			idx int not null default '0',
			`_user_tags` text,
`_comments` text,
`_assign` text,
`_liked_by` text,
index creation(creation))
			ENGINE=InnoDB
			ROW_FORMAT=DYNAMIC
			CHARACTER SET=utf8mb4
			COLLATE=utf8mb4_unicode_ci
2025-06-19 12:18:52,095 WARNING database DDL Query made to DB:
alter table `tabDocType` add column if not exists migration_hash varchar(140)
2025-06-19 12:18:52,464 WARNING database DDL Query made to DB:
ALTER TABLE `tableave balance` ADD COLUMN `earned_leave_balance` decimal(21,9) NOT NULL DEFAULT 0.0, ADD COLUMN `casual_leave_balance` decimal(21,9) NOT NULL DEFAULT 0.0
2025-06-19 12:18:52,517 WARNING database DDL Query made to DB:
ALTER TABLE `tabLeave Balances` MODIFY `casual_leave_balance` decimal(21,9) NOT NULL DEFAULT 0.0, MODIFY `earned_leave_balance` decimal(21,9) NOT NULL DEFAULT 0.0
2025-06-19 12:21:35,300 WARNING database DDL Query made to DB:
alter table `tabDocType` add column if not exists migration_hash varchar(140)
2025-06-19 12:22:49,063 WARNING database DDL Query made to DB:
alter table `tabDocType` add column if not exists migration_hash varchar(140)
2025-06-19 12:50:00,192 WARNING database DDL Query made to DB:
alter table `tabDocType` add column if not exists migration_hash varchar(140)
2025-06-19 12:53:11,711 WARNING database DDL Query made to DB:
alter table `tabDocType` add column if not exists migration_hash varchar(140)
2025-06-19 12:55:07,220 WARNING database DDL Query made to DB:
alter table `tabDocType` add column if not exists migration_hash varchar(140)
2025-06-19 12:55:40,520 WARNING database DDL Query made to DB:
alter table `tabDocType` add column if not exists migration_hash varchar(140)
2025-06-19 12:58:11,190 WARNING database DDL Query made to DB:
alter table `tabDocType` add column if not exists migration_hash varchar(140)
2025-06-19 12:59:55,718 WARNING database DDL Query made to DB:
alter table `tabDocType` add column if not exists migration_hash varchar(140)
2025-06-19 13:04:47,969 WARNING database DDL Query made to DB:
alter table `tabDocType` add column if not exists migration_hash varchar(140)
2025-06-19 13:07:34,739 WARNING database DDL Query made to DB:
alter table `tabDocType` add column if not exists migration_hash varchar(140)
2025-06-19 13:09:23,451 WARNING database DDL Query made to DB:
alter table `tabDocType` add column if not exists migration_hash varchar(140)
2025-06-19 13:16:05,121 WARNING database DDL Query made to DB:
ALTER TABLE `tableave application` ADD COLUMN `total_days` int NOT NULL DEFAULT 0
2025-06-19 13:18:53,780 WARNING database DDL Query made to DB:
ALTER TABLE `tableave balance` ADD COLUMN `employee_id` varchar(140)
2025-06-19 13:18:53,788 WARNING database DDL Query made to DB:
ALTER TABLE `tableave balance` MODIFY `earned_leave_balance` decimal(21,9) NOT NULL DEFAULT 0.0, MODIFY `casual_leave_balance` decimal(21,9) NOT NULL DEFAULT 0.0
2025-06-19 13:19:11,007 WARNING database DDL Query made to DB:
ALTER TABLE `tableave balance` MODIFY `earned_leave_balance` decimal(21,9) NOT NULL DEFAULT 0.0, MODIFY `casual_leave_balance` decimal(21,9) NOT NULL DEFAULT 0.0
2025-06-19 13:23:16,145 WARNING database DDL Query made to DB:
alter table `tabDocType` add column if not exists migration_hash varchar(140)
2025-06-19 13:23:16,716 WARNING database DDL Query made to DB:
ALTER TABLE `tableave balance` MODIFY `casual_leave_balance` decimal(21,9) NOT NULL DEFAULT 0.0, MODIFY `earned_leave_balance` decimal(21,9) NOT NULL DEFAULT 0.0
2025-06-19 13:23:16,802 WARNING database DDL Query made to DB:
ALTER TABLE `tableave application` MODIFY `total_days` int NOT NULL DEFAULT 0
2025-06-19 13:27:45,007 WARNING database DDL Query made to DB:
alter table `tabDocType` add column if not exists migration_hash varchar(140)
2025-06-19 13:29:47,231 WARNING database DDL Query made to DB:
alter table `tabDocType` add column if not exists migration_hash varchar(140)
2025-06-19 13:33:02,297 WARNING database DDL Query made to DB:
ALTER TABLE `tabemployee_rd` MODIFY `leave_balance` decimal(21,9) NOT NULL DEFAULT 0.0
2025-06-19 13:33:38,734 WARNING database DDL Query made to DB:
ALTER TABLE `tabemployee_rd` MODIFY `leave_balance` decimal(21,9) NOT NULL DEFAULT 0.0
2025-06-19 13:38:30,980 WARNING database DDL Query made to DB:
alter table `tabDocType` add column if not exists migration_hash varchar(140)
2025-06-19 13:38:31,510 WARNING database DDL Query made to DB:
ALTER TABLE `tabemployee_rd` MODIFY `leave_balance` decimal(21,9) NOT NULL DEFAULT 0.0
2025-06-19 13:42:01,555 WARNING database DDL Query made to DB:
ALTER TABLE `tableave application` MODIFY `total_days` int NOT NULL DEFAULT 0
2025-06-19 13:48:46,109 WARNING database DDL Query made to DB:
alter table `tabDocType` add column if not exists migration_hash varchar(140)
2025-06-19 13:48:46,411 WARNING database DDL Query made to DB:
ALTER TABLE `tableave application` MODIFY `total_days` int NOT NULL DEFAULT 0
2025-06-19 13:51:14,037 WARNING database DDL Query made to DB:
ALTER TABLE `tableave balance` MODIFY `earned_leave_balance` decimal(21,9) NOT NULL DEFAULT 0.0, MODIFY `casual_leave_balance` decimal(21,9) NOT NULL DEFAULT 0.0
2025-06-19 15:48:40,097 WARNING database DDL Query made to DB:
alter table `tabDocType` add column if not exists migration_hash varchar(140)
2025-06-19 15:48:40,551 WARNING database DDL Query made to DB:
ALTER TABLE `tableave balance` MODIFY `earned_leave_balance` decimal(21,9) NOT NULL DEFAULT 0.0, MODIFY `casual_leave_balance` decimal(21,9) NOT NULL DEFAULT 0.0
2025-06-19 15:58:31,801 WARNING database DDL Query made to DB:
alter table `tabDocType` add column if not exists migration_hash varchar(140)
2025-06-19 16:01:48,852 WARNING database DDL Query made to DB:
ALTER TABLE `tabemployee_rd` ADD COLUMN `email_id` varchar(140)
2025-06-19 16:01:48,860 WARNING database DDL Query made to DB:
ALTER TABLE `tabemployee_rd` MODIFY `leave_balance` decimal(21,9) NOT NULL DEFAULT 0.0
2025-06-19 16:05:08,929 WARNING database DDL Query made to DB:
ALTER TABLE `tableave application` ADD COLUMN `mail` varchar(140)
2025-06-19 16:05:08,938 WARNING database DDL Query made to DB:
ALTER TABLE `tableave application` MODIFY `total_days` int NOT NULL DEFAULT 0
2025-06-19 16:09:38,186 WARNING database DDL Query made to DB:
ALTER TABLE `tableave application` MODIFY `total_days` int NOT NULL DEFAULT 0
2025-06-19 16:11:17,217 WARNING database DDL Query made to DB:
ALTER TABLE `tableave application` MODIFY `total_days` int NOT NULL DEFAULT 0
2025-06-19 16:15:40,427 WARNING database DDL Query made to DB:
alter table `tabDocType` add column if not exists migration_hash varchar(140)
2025-06-19 16:15:40,799 WARNING database DDL Query made to DB:
ALTER TABLE `tableave application` MODIFY `total_days` int NOT NULL DEFAULT 0
2025-06-19 16:15:40,917 WARNING database DDL Query made to DB:
ALTER TABLE `tabemployee_rd` MODIFY `leave_balance` decimal(21,9) NOT NULL DEFAULT 0.0
2025-06-19 16:28:43,477 WARNING database DDL Query made to DB:
alter table `tabDocType` add column if not exists migration_hash varchar(140)
2025-06-19 16:41:32,747 WARNING database DDL Query made to DB:
alter table `tabDocType` add column if not exists migration_hash varchar(140)
2025-06-20 11:31:02,264 WARNING database DDL Query made to DB:
alter table `tabDocType` add column if not exists migration_hash varchar(140)
2025-06-20 11:39:46,919 WARNING database DDL Query made to DB:
alter table `tabDocType` add column if not exists migration_hash varchar(140)
2025-06-20 11:48:47,307 WARNING database DDL Query made to DB:
alter table `tabDocType` add column if not exists migration_hash varchar(140)
2025-06-20 12:31:06,788 WARNING database DDL Query made to DB:
alter table `tabDocType` add column if not exists migration_hash varchar(140)
2025-06-20 12:31:07,173 WARNING database DDL Query made to DB:
ALTER TABLE `tableave balance` ADD COLUMN `employee` varchar(140), ADD COLUMN `total_allocated` decimal(21,9) NOT NULL DEFAULT 0.0, ADD COLUMN `leaves_taken` decimal(21,9) NOT NULL DEFAULT 0.0, ADD COLUMN `balance` decimal(21,9) NOT NULL DEFAULT 0.0
2025-06-20 12:31:07,263 WARNING database DDL Query made to DB:
ALTER TABLE `tableave application` MODIFY `status` varchar(140) DEFAULT 'Pending Approval', MODIFY `total_days` int NOT NULL DEFAULT 0
